app/build/intermediates/manifest_merge_blame_file/release/processReleaseMainManifest/manifest-merger-blame-release-report.txt
1<?xml version="1.0" encoding="utf-8"?>
2<manifest xmlns:android="http://schemas.android.com/apk/res/android"
3    package="com.realmirror.app"
4    android:versionCode="1"
5    android:versionName="1.0" >
6
7    <uses-sdk
8        android:minSdkVersion="26"
9        android:targetSdkVersion="35" />
10
11    <!-- Camera & Microphone -->
12    <uses-permission android:name="android.permission.CAMERA" />
12-->src/main/AndroidManifest.xml:6:5-65
12-->src/main/AndroidManifest.xml:6:22-62
13    <uses-permission android:name="android.permission.RECORD_AUDIO" />
13-->src/main/AndroidManifest.xml:7:5-71
13-->src/main/AndroidManifest.xml:7:22-68
14
15    <!-- Storage -->
16    <uses-permission
16-->src/main/AndroidManifest.xml:10:5-12:38
17        android:name="android.permission.READ_EXTERNAL_STORAGE"
17-->src/main/AndroidManifest.xml:11:9-64
18        android:maxSdkVersion="32" />
18-->src/main/AndroidManifest.xml:12:9-35
19    <uses-permission
19-->src/main/AndroidManifest.xml:13:5-15:38
20        android:name="android.permission.WRITE_EXTERNAL_STORAGE"
20-->src/main/AndroidManifest.xml:14:9-65
21        android:maxSdkVersion="28" />
21-->src/main/AndroidManifest.xml:15:9-35
22    <uses-permission android:name="android.permission.READ_MEDIA_IMAGES" />
22-->src/main/AndroidManifest.xml:16:5-76
22-->src/main/AndroidManifest.xml:16:22-73
23    <uses-permission android:name="android.permission.READ_MEDIA_VIDEO" />
23-->src/main/AndroidManifest.xml:17:5-75
23-->src/main/AndroidManifest.xml:17:22-72
24
25    <!-- Screen brightness (window-level, no WRITE_SETTINGS needed) -->
26    <uses-permission android:name="android.permission.WRITE_SETTINGS" />
26-->src/main/AndroidManifest.xml:20:5-21:47
26-->src/main/AndroidManifest.xml:20:22-70
27
28    <!-- Hardware features -->
29    <uses-feature
29-->src/main/AndroidManifest.xml:24:5-26:35
30        android:name="android.hardware.camera"
30-->src/main/AndroidManifest.xml:25:9-47
31        android:required="true" />
31-->src/main/AndroidManifest.xml:26:9-32
32    <uses-feature
32-->src/main/AndroidManifest.xml:27:5-29:36
33        android:name="android.hardware.camera.front"
33-->src/main/AndroidManifest.xml:28:9-53
34        android:required="false" />
34-->src/main/AndroidManifest.xml:29:9-33
35    <uses-feature
35-->src/main/AndroidManifest.xml:30:5-32:36
36        android:name="android.hardware.microphone"
36-->src/main/AndroidManifest.xml:31:9-51
37        android:required="false" />
37-->src/main/AndroidManifest.xml:32:9-33
38
39    <queries>
39-->[androidx.camera:camera-extensions:1.3.4] AndroidManifest.xml:22:5-26:15
40        <intent>
40-->[androidx.camera:camera-extensions:1.3.4] AndroidManifest.xml:23:9-25:18
41            <action android:name="androidx.camera.extensions.action.VENDOR_ACTION" />
41-->[androidx.camera:camera-extensions:1.3.4] AndroidManifest.xml:24:13-86
41-->[androidx.camera:camera-extensions:1.3.4] AndroidManifest.xml:24:21-83
42        </intent>
43    </queries>
44
45    <permission
45-->[androidx.core:core:1.13.1] AndroidManifest.xml:22:5-24:47
46        android:name="com.realmirror.app.DYNAMIC_RECEIVER_NOT_EXPORTED_PERMISSION"
46-->[androidx.core:core:1.13.1] AndroidManifest.xml:23:9-81
47        android:protectionLevel="signature" />
47-->[androidx.core:core:1.13.1] AndroidManifest.xml:24:9-44
48
49    <uses-permission android:name="com.realmirror.app.DYNAMIC_RECEIVER_NOT_EXPORTED_PERMISSION" />
49-->[androidx.core:core:1.13.1] AndroidManifest.xml:26:5-97
49-->[androidx.core:core:1.13.1] AndroidManifest.xml:26:22-94
50
51    <application
51-->src/main/AndroidManifest.xml:34:5-65:19
52        android:allowBackup="true"
52-->src/main/AndroidManifest.xml:35:9-35
53        android:appComponentFactory="androidx.core.app.CoreComponentFactory"
53-->[androidx.core:core:1.13.1] AndroidManifest.xml:28:18-86
54        android:extractNativeLibs="false"
55        android:icon="@mipmap/ic_launcher"
55-->src/main/AndroidManifest.xml:36:9-43
56        android:label="@string/app_name"
56-->src/main/AndroidManifest.xml:38:9-41
57        android:roundIcon="@mipmap/ic_launcher_round"
57-->src/main/AndroidManifest.xml:37:9-54
58        android:supportsRtl="true"
58-->src/main/AndroidManifest.xml:39:9-35
59        android:theme="@style/Theme.RealMirror" >
59-->src/main/AndroidManifest.xml:40:9-48
60        <activity
60-->src/main/AndroidManifest.xml:43:9-52:20
61            android:name="com.realmirror.app.MainActivity"
61-->src/main/AndroidManifest.xml:44:13-41
62            android:exported="true"
62-->src/main/AndroidManifest.xml:45:13-36
63            android:screenOrientation="portrait"
63-->src/main/AndroidManifest.xml:46:13-49
64            android:windowSoftInputMode="adjustNothing" >
64-->src/main/AndroidManifest.xml:47:13-56
65            <intent-filter>
65-->src/main/AndroidManifest.xml:48:13-51:29
66                <action android:name="android.intent.action.MAIN" />
66-->src/main/AndroidManifest.xml:49:17-69
66-->src/main/AndroidManifest.xml:49:25-66
67
68                <category android:name="android.intent.category.LAUNCHER" />
68-->src/main/AndroidManifest.xml:50:17-77
68-->src/main/AndroidManifest.xml:50:27-74
69            </intent-filter>
70        </activity>
71
72        <!-- FileProvider for sharing captured media -->
73        <provider
74            android:name="androidx.core.content.FileProvider"
74-->src/main/AndroidManifest.xml:56:13-62
75            android:authorities="com.realmirror.app.fileprovider"
75-->src/main/AndroidManifest.xml:57:13-64
76            android:exported="false"
76-->src/main/AndroidManifest.xml:58:13-37
77            android:grantUriPermissions="true" >
77-->src/main/AndroidManifest.xml:59:13-47
78            <meta-data
78-->src/main/AndroidManifest.xml:60:13-62:54
79                android:name="android.support.FILE_PROVIDER_PATHS"
79-->src/main/AndroidManifest.xml:61:17-67
80                android:resource="@xml/file_paths" />
80-->src/main/AndroidManifest.xml:62:17-51
81        </provider>
82
83        <uses-library
83-->[androidx.camera:camera-extensions:1.3.4] AndroidManifest.xml:29:9-31:40
84            android:name="androidx.camera.extensions.impl"
84-->[androidx.camera:camera-extensions:1.3.4] AndroidManifest.xml:30:13-59
85            android:required="false" />
85-->[androidx.camera:camera-extensions:1.3.4] AndroidManifest.xml:31:13-37
86
87        <service
87-->[androidx.camera:camera-camera2:1.3.4] AndroidManifest.xml:24:9-33:19
88            android:name="androidx.camera.core.impl.MetadataHolderService"
88-->[androidx.camera:camera-camera2:1.3.4] AndroidManifest.xml:25:13-75
89            android:enabled="false"
89-->[androidx.camera:camera-camera2:1.3.4] AndroidManifest.xml:26:13-36
90            android:exported="false" >
90-->[androidx.camera:camera-camera2:1.3.4] AndroidManifest.xml:27:13-37
91            <meta-data
91-->[androidx.camera:camera-camera2:1.3.4] AndroidManifest.xml:30:13-32:89
92                android:name="androidx.camera.core.impl.MetadataHolderService.DEFAULT_CONFIG_PROVIDER"
92-->[androidx.camera:camera-camera2:1.3.4] AndroidManifest.xml:31:17-103
93                android:value="androidx.camera.camera2.Camera2Config$DefaultProvider" />
93-->[androidx.camera:camera-camera2:1.3.4] AndroidManifest.xml:32:17-86
94        </service>
95
96        <provider
96-->[androidx.emoji2:emoji2:1.3.0] AndroidManifest.xml:24:9-32:20
97            android:name="androidx.startup.InitializationProvider"
97-->[androidx.emoji2:emoji2:1.3.0] AndroidManifest.xml:25:13-67
98            android:authorities="com.realmirror.app.androidx-startup"
98-->[androidx.emoji2:emoji2:1.3.0] AndroidManifest.xml:26:13-68
99            android:exported="false" >
99-->[androidx.emoji2:emoji2:1.3.0] AndroidManifest.xml:27:13-37
100            <meta-data
100-->[androidx.emoji2:emoji2:1.3.0] AndroidManifest.xml:29:13-31:52
101                android:name="androidx.emoji2.text.EmojiCompatInitializer"
101-->[androidx.emoji2:emoji2:1.3.0] AndroidManifest.xml:30:17-75
102                android:value="androidx.startup" />
102-->[androidx.emoji2:emoji2:1.3.0] AndroidManifest.xml:31:17-49
103            <meta-data
103-->[androidx.lifecycle:lifecycle-process:2.8.6] AndroidManifest.xml:29:13-31:52
104                android:name="androidx.lifecycle.ProcessLifecycleInitializer"
104-->[androidx.lifecycle:lifecycle-process:2.8.6] AndroidManifest.xml:30:17-78
105                android:value="androidx.startup" />
105-->[androidx.lifecycle:lifecycle-process:2.8.6] AndroidManifest.xml:31:17-49
106            <meta-data
106-->[androidx.profileinstaller:profileinstaller:1.3.1] AndroidManifest.xml:29:13-31:52
107                android:name="androidx.profileinstaller.ProfileInstallerInitializer"
107-->[androidx.profileinstaller:profileinstaller:1.3.1] AndroidManifest.xml:30:17-85
108                android:value="androidx.startup" />
108-->[androidx.profileinstaller:profileinstaller:1.3.1] AndroidManifest.xml:31:17-49
109        </provider>
110
111        <receiver
111-->[androidx.profileinstaller:profileinstaller:1.3.1] AndroidManifest.xml:34:9-52:20
112            android:name="androidx.profileinstaller.ProfileInstallReceiver"
112-->[androidx.profileinstaller:profileinstaller:1.3.1] AndroidManifest.xml:35:13-76
113            android:directBootAware="false"
113-->[androidx.profileinstaller:profileinstaller:1.3.1] AndroidManifest.xml:36:13-44
114            android:enabled="true"
114-->[androidx.profileinstaller:profileinstaller:1.3.1] AndroidManifest.xml:37:13-35
115            android:exported="true"
115-->[androidx.profileinstaller:profileinstaller:1.3.1] AndroidManifest.xml:38:13-36
116            android:permission="android.permission.DUMP" >
116-->[androidx.profileinstaller:profileinstaller:1.3.1] AndroidManifest.xml:39:13-57
117            <intent-filter>
117-->[androidx.profileinstaller:profileinstaller:1.3.1] AndroidManifest.xml:40:13-42:29
118                <action android:name="androidx.profileinstaller.action.INSTALL_PROFILE" />
118-->[androidx.profileinstaller:profileinstaller:1.3.1] AndroidManifest.xml:41:17-91
118-->[androidx.profileinstaller:profileinstaller:1.3.1] AndroidManifest.xml:41:25-88
119            </intent-filter>
120            <intent-filter>
120-->[androidx.profileinstaller:profileinstaller:1.3.1] AndroidManifest.xml:43:13-45:29
121                <action android:name="androidx.profileinstaller.action.SKIP_FILE" />
121-->[androidx.profileinstaller:profileinstaller:1.3.1] AndroidManifest.xml:44:17-85
121-->[androidx.profileinstaller:profileinstaller:1.3.1] AndroidManifest.xml:44:25-82
122            </intent-filter>
123            <intent-filter>
123-->[androidx.profileinstaller:profileinstaller:1.3.1] AndroidManifest.xml:46:13-48:29
124                <action android:name="androidx.profileinstaller.action.SAVE_PROFILE" />
124-->[androidx.profileinstaller:profileinstaller:1.3.1] AndroidManifest.xml:47:17-88
124-->[androidx.profileinstaller:profileinstaller:1.3.1] AndroidManifest.xml:47:25-85
125            </intent-filter>
126            <intent-filter>
126-->[androidx.profileinstaller:profileinstaller:1.3.1] AndroidManifest.xml:49:13-51:29
127                <action android:name="androidx.profileinstaller.action.BENCHMARK_OPERATION" />
127-->[androidx.profileinstaller:profileinstaller:1.3.1] AndroidManifest.xml:50:17-95
127-->[androidx.profileinstaller:profileinstaller:1.3.1] AndroidManifest.xml:50:25-92
128            </intent-filter>
129        </receiver>
130    </application>
131
132</manifest>